8/29/2018 3:30:34 PM | Debut Mise en ligne complete (Site):
8/29/2018 3:30:50 PM | Listing terminé :
8/29/2018 3:30:50 PM | 

8/29/2018 3:30:50 PM | * Files/Fonts-- -- --Folder create
8/29/2018 3:30:50 PM | * scrolltop-- -- --Folder create
8/29/2018 3:30:50 PM | * WEFiles-- -- --Folder create
8/29/2018 3:30:50 PM | * WEFiles/Xml-- -- --Folder create
8/29/2018 3:30:50 PM | * WEFiles/Server-- -- --Folder create
8/29/2018 3:30:50 PM | * WEFiles/Server/language-- -- --Folder create
8/29/2018 3:30:50 PM | * WEFiles/Server/DB-- -- --Folder create
8/29/2018 3:30:50 PM | * WEFiles/Server/DB/DBTools-- -- --Folder create
8/29/2018 3:30:50 PM | * WEFiles/Server/class-- -- --Folder create
8/29/2018 3:30:50 PM | * WEFiles/Other-- -- --Folder create
8/29/2018 3:30:50 PM | * WEFiles/Image-- -- --Folder create
8/29/2018 3:30:50 PM | * WEFiles/Font-- -- --Folder create
8/29/2018 3:30:50 PM | * WEFiles/EG-- -- --Folder create
8/29/2018 3:30:50 PM | * WEFiles/Css-- -- --Folder create
8/29/2018 3:30:50 PM | * WEFiles/Css/v02-- -- --Folder create
8/29/2018 3:30:50 PM | * WEFiles/Css/v01-- -- --Folder create
8/29/2018 3:30:50 PM | * WEFiles/Client-- -- --Folder create
8/29/2018 3:30:50 PM | * WEFiles/Client/jQuery-- -- --Folder create
8/29/2018 3:30:50 PM | * WEFiles/Client/jQuery/Plugins-- -- --Folder create
8/29/2018 3:30:50 PM | * WEFiles/Client/Common-- -- --Folder create
8/29/2018 3:30:50 PM | * Templates-- -- --Folder create
8/29/2018 3:30:50 PM | * Files-- -- --Folder create
8/29/2018 3:30:50 PM | * Files/Video-- -- --Folder create
8/29/2018 3:30:50 PM | * Files/Other-- -- --Folder create
8/29/2018 3:30:50 PM | * Files/Media-- -- --Folder create
8/29/2018 3:30:50 PM | * Files/Image-- -- --Folder create
8/29/2018 3:30:50 PM | * Files/Fonts-- -- --Folder create
8/29/2018 3:30:50 PM | * Files/Flash-- -- --Folder create
8/29/2018 3:30:50 PM | * Files/Audio-- -- --Folder create
8/29/2018 3:30:50 PM | * Data-- -- --Folder create
8/29/2018 3:30:50 PM | * Backup-- -- --Folder create
8/29/2018 3:30:50 PM | * Common-- -- --Folder create
8/29/2018 3:30:50 PM | * Files/Image/ACTUALITES-- -- --Folder create
8/29/2018 3:30:50 PM | * Files/Image/accueil-- -- --Folder create
8/29/2018 3:30:50 PM | * WEFiles/Image/Skin-- -- --Folder create
8/29/2018 3:30:50 PM | * WEFiles/EG/EG891d4068-- -- --Folder create
8/29/2018 3:30:50 PM | * WEFiles/EG/EG891d4068/Js-- -- --Folder create
8/29/2018 3:30:50 PM | * WEFiles/Image/WEImage-- -- --Folder create
8/29/2018 3:30:50 PM | * WEFiles/EG/EG8ced4f68-- -- --Folder create
8/29/2018 3:30:50 PM | * WEFiles/EG/EG8ced4f68/Js-- -- --Folder create
8/29/2018 3:30:50 PM | * Files/Image/faq-- -- --Folder create
8/29/2018 3:30:50 PM | * WEFiles/EG/EGf8c88e12-- -- --Folder create
8/29/2018 3:30:50 PM | * WEFiles/EG/EGf8c88e12/ResImg-- -- --Folder create
8/29/2018 3:30:50 PM | * WEFiles/EG/EGf8c88e12/Js-- -- --Folder create
8/29/2018 3:30:50 PM | * WEFiles/EG/EGf8c88e12/Css-- -- --Folder create
8/29/2018 3:30:50 PM | * WEFiles/EG/EGf79d11e9-- -- --Folder create
8/29/2018 3:30:50 PM | * WEFiles/EG/EGf79d11e9/Js-- -- --Folder create
8/29/2018 3:30:50 PM | * WEFiles/EG/EGf79d11e9/Css-- -- --Folder create
8/29/2018 3:30:50 PM | * WEFiles/EG/EGb09efbd1-- -- --Folder create
8/29/2018 3:30:50 PM | * WEFiles/EG/EGb09efbd1/Js-- -- --Folder create
8/29/2018 3:30:50 PM | * WEFiles/EG/EG9f25bfab-- -- --Folder create
8/29/2018 3:30:50 PM | * WEFiles/EG/EG9f25bfab/Js-- -- --Folder create
8/29/2018 3:30:50 PM | * WEFiles/EG/EG9f25bfab/Css-- -- --Folder create
8/29/2018 3:30:50 PM | * Files/Image/VISUELS_DIVERS-- -- --Folder create
8/29/2018 3:30:50 PM | * WEFiles/EG/EGf9f84a8d-- -- --Folder create
8/29/2018 3:30:50 PM | * WEFiles/EG/EGf9f84a8d/ResImg-- -- --Folder create
8/29/2018 3:30:50 PM | * Files/Image/GALERIE-- -- --Folder create
8/29/2018 3:30:50 PM | * Files/Image/GALERIE/FULL-- -- --Folder create
8/29/2018 3:30:50 PM | * Files/Image/GALERIE/MINIATURES-- -- --Folder create
8/29/2018 3:30:50 PM | * WEFiles/EG/EGf9f84a8d/Js-- -- --Folder create
8/29/2018 3:30:50 PM | * WEFiles/EG/EGf9f84a8d/Css-- -- --Folder create
8/29/2018 3:30:50 PM | * WEFiles/EG/EG15ce8951-- -- --Folder create
8/29/2018 3:30:50 PM | * WEFiles/EG/EG15ce8951/Js-- -- --Folder create
8/29/2018 3:30:50 PM | * Files\Other-- -- --Folder create
8/29/2018 3:30:50 PM | * Files\Fonts-- -- --Folder create
8/29/2018 3:30:50 PM | * Backup/.htaccess-- -- --33
8/29/2018 3:30:50 PM | * Data/.htaccess-- -- --13
8/29/2018 3:30:50 PM | * WEFiles/Client/Common/oe.min.js-- -- --16317
8/29/2018 3:30:50 PM | * WEFiles/Client/jQuery/Plugins/jquery.form.js-- -- --11659
8/29/2018 3:30:50 PM | * WEFiles/Client/jQuery/Plugins/jquery.ui.core.js-- -- --19590
8/29/2018 3:30:50 PM | * WEFiles/Client/jQuery/Plugins/jquery.ui.effects.js-- -- --25199
8/29/2018 3:30:50 PM | * WEFiles/Client/jQuery/1.10.2.js-- -- --93107
8/29/2018 3:30:50 PM | * WEFiles/Client/jQuery/migrate.js-- -- --7202
8/29/2018 3:30:50 PM | * WEFiles/Client/OEDB.js-- -- --1856
8/29/2018 3:30:50 PM | * WEFiles/Client/OEDBClasses.js-- -- --2280
8/29/2018 3:30:50 PM | * WEFiles/Client/opentip-jquery.min.js-- -- --44974
8/29/2018 3:30:50 PM | * WEFiles/Css/v01/openElement.css-- -- --5851
8/29/2018 3:30:50 PM | * WEFiles/Css/v02/openElement.css-- -- --6102
8/29/2018 3:30:50 PM | * WEFiles/Css/v02/openElement.int.css-- -- --6177
8/29/2018 3:30:50 PM | * WEFiles/Css/ie7.css-- -- --833
8/29/2018 3:30:50 PM | * WEFiles/Css/opentip.css-- -- --9211
8/29/2018 3:30:50 PM | * WEFiles/Image/Code.png-- -- --831
8/29/2018 3:30:50 PM | * WEFiles/Image/delete.png-- -- --1465
8/29/2018 3:30:50 PM | * WEFiles/Image/empty.png-- -- --184
8/29/2018 3:30:50 PM | * WEFiles/Image/information2.png-- -- --3246
8/29/2018 3:30:50 PM | * WEFiles/Image/loading.gif-- -- --1924
8/29/2018 3:30:50 PM | * WEFiles/Image/Loading2.gif-- -- --4941
8/29/2018 3:30:50 PM | * WEFiles/Image/mask.png-- -- --213
8/29/2018 3:30:50 PM | * WEFiles/Image/ModalBackgound.png-- -- --27145
8/29/2018 3:30:50 PM | * WEFiles/Image/ModalPopupBlock.png-- -- --268
8/29/2018 3:30:50 PM | * WEFiles/Image/ServerError.png-- -- --2602
8/29/2018 3:30:50 PM | * WEFiles/Image/warning.png-- -- --816
8/29/2018 3:30:50 PM | * WEFiles/Image/WEW3C.png-- -- --1882
8/29/2018 3:30:50 PM | * WEFiles/Server/class/class-phpmailer.php-- -- --65668
8/29/2018 3:30:50 PM | * WEFiles/Server/class/class-smtp.php-- -- --32456
8/29/2018 3:30:50 PM | * WEFiles/Server/DB/DBTools/OEDataContainers.php-- -- --57685
8/29/2018 3:30:50 PM | * WEFiles/Server/DB/DBTools/OEDBRequest.php-- -- --36412
8/29/2018 3:30:50 PM | * WEFiles/Server/DB/DBTools/OEDynUtils.php-- -- --15107
8/29/2018 3:30:50 PM | * WEFiles/Server/DB/.htaccess-- -- --13
8/29/2018 3:30:50 PM | * WEFiles/Server/DB/OEDB.php-- -- --28741
8/29/2018 3:30:50 PM | * WEFiles/Server/DB/OEDBClasses.php-- -- --84483
8/29/2018 3:30:50 PM | * WEFiles/Server/DB/sqllogin.php-- -- --1479
8/29/2018 3:30:51 PM | * WEFiles/Server/language/phpmailer.lang-en.php-- -- --1188
8/29/2018 3:30:51 PM | * WEFiles/Server/language/phpmailer.lang-fr.php-- -- --1297
8/29/2018 3:30:51 PM | * WEFiles/Server/openElement.php-- -- --13870
8/29/2018 3:30:51 PM | * WEFiles/Server/VarText.php-- -- --4496
8/29/2018 3:30:51 PM | * Files/Fonts/Fonts.css-- -- --1127
8/29/2018 3:30:51 PM | * .htaccess-- -- --0
8/29/2018 3:30:51 PM | * scrolltop/jquery.js-- -- --96444
8/29/2018 3:30:51 PM | * scrolltop/returnOnTop.css-- -- --383
8/29/2018 3:30:51 PM | * scrolltop/returnOnTop.js-- -- --497
8/29/2018 3:30:51 PM | * scrolltop/return_on_top.png-- -- --968
8/29/2018 3:30:51 PM | * actualites(var).js-- -- --2739
8/29/2018 3:30:51 PM | * actualites(var).php-- -- --1230
8/29/2018 3:30:51 PM | * actualites.css-- -- --14936
8/29/2018 3:30:51 PM | * WEFiles/Server/WESendMail-v210.php-- -- --12362
8/29/2018 3:30:51 PM | * WEFiles/Client/WESendMail-v210.js-- -- --3670
8/29/2018 3:30:51 PM | * Files/Image/ACTUALITES/IMG_004.jpg-- -- --69083
8/29/2018 3:30:51 PM | * Files/Image/accueil/icone_facebook_inactif.png-- -- --3013
8/29/2018 3:30:51 PM | * Files/Image/accueil/icone_google-_actif.png-- -- --3138
8/29/2018 3:30:51 PM | * Files/Image/accueil/icone_twitter_inactif.png-- -- --3500
8/29/2018 3:30:51 PM | * Files/Image/accueil/icone_twitter_actif.png-- -- --2877
8/29/2018 3:30:51 PM | * Files/Image/accueil/icone_facebook_actif.png-- -- --2373
8/29/2018 3:30:51 PM | * Files/Image/ACTUALITES/IMG_005.jpg-- -- --59747
8/29/2018 3:30:51 PM | * Files/Image/accueil/icone_google-_inactif.png-- -- --3742
8/29/2018 3:30:51 PM | * Files/Image/ACTUALITES/IMG_006.jpg-- -- --82972
8/29/2018 3:30:51 PM | * WEFiles/Image/Skin/26c70838.png-- -- --191
8/29/2018 3:30:51 PM | * WEFiles/Image/Skin/58294202.png-- -- --826
8/29/2018 3:30:51 PM | * WEFiles/Image/Skin/cbb1ae94.png-- -- --191
8/29/2018 3:30:51 PM | * WEFiles/Image/Skin/966687aa.png-- -- --826
8/29/2018 3:30:51 PM | * Files/Image/accueil/icone_skype_inactif.png-- -- --3819
8/29/2018 3:30:51 PM | * Files/Image/accueil/icone_skype_actif.png-- -- --3213
8/29/2018 3:30:51 PM | * Files/Image/accueil/icone_youtube_inactif.png-- -- --3635
8/29/2018 3:30:51 PM | * Files/Image/accueil/icone_youtube_actif.png-- -- --3016
8/29/2018 3:30:51 PM | * WEFiles/Image/Skin/b150fa74.png-- -- --392
8/29/2018 3:30:51 PM | * WEFiles/Css/WEMenu-v23.css-- -- --425
8/29/2018 3:30:51 PM | * WEFiles/Client/WEMenu-v23.js-- -- --5687
8/29/2018 3:30:51 PM | * WEFiles/EG/EG891d4068/Js/anchor-scroll-v13.js-- -- --2855
8/29/2018 3:30:51 PM | * Files/Image/accueil/menu-mobile60x60.png-- -- --1190
8/29/2018 3:30:51 PM | * WEFiles/Image/WEImage/menu-noir60x60-WE2af7da3a5d.jpg-- -- --1537
8/29/2018 3:30:51 PM | * Files/Image/accueil/LOGO.png-- -- --1895
8/29/2018 3:30:51 PM | * WEFiles/EG/EG8ced4f68/Js/field-def-text-v59.js-- -- --2617
8/29/2018 3:30:51 PM | * Files/Image/arrow-up.png-- -- --435
8/29/2018 3:30:51 PM | * Backup/actualites.dat-- -- --2802118
8/29/2018 3:30:51 PM | * actualites.htm-- -- --41573
8/29/2018 3:30:51 PM | * FAQ.css-- -- --1934
8/29/2018 3:30:51 PM | * Files/Image/faq/OE001.jpg-- -- --64233
8/29/2018 3:30:51 PM | * Files/Image/faq/OE002.jpg-- -- --28886
8/29/2018 3:30:51 PM | * Files/Image/faq/OE003.jpg-- -- --20337
8/29/2018 3:30:51 PM | * Files/Image/faq/OE004.jpg-- -- --26259
8/29/2018 3:30:51 PM | * Files/Image/faq/OE02.jpg-- -- --98397
8/29/2018 3:30:51 PM | * Files/Image/faq/OE03.jpg-- -- --152826
8/29/2018 3:30:51 PM | * Files/Image/faq/OE05.jpg-- -- --10239
8/29/2018 3:30:51 PM | * Files/Image/faq/OE012.jpg-- -- --48020
8/29/2018 3:30:51 PM | * Files/Image/faq/OE010.jpg-- -- --27676
8/29/2018 3:30:51 PM | * Files/Image/faq/parallax.jpg-- -- --53486
8/29/2018 3:30:51 PM | * Files/Image/faq/OE04.jpg-- -- --118106
8/29/2018 3:30:51 PM | * Backup/FAQ.dat-- -- --567571
8/29/2018 3:30:51 PM | * FAQ.htm-- -- --37041
8/29/2018 3:30:51 PM | * index(var).js-- -- --10373
8/29/2018 3:30:51 PM | * index(var).php-- -- --1406
8/29/2018 3:30:51 PM | * index.css-- -- --25175
8/29/2018 3:30:51 PM | * WEFiles/EG/EGf8c88e12/ResImg/Image11-v21.png-- -- --124
8/29/2018 3:30:51 PM | * WEFiles/EG/EGf8c88e12/ResImg/Image10-v21.png-- -- --137
8/29/2018 3:30:51 PM | * WEFiles/EG/EGf8c88e12/ResImg/Image9-v21.png-- -- --208
8/29/2018 3:30:51 PM | * WEFiles/EG/EGf8c88e12/ResImg/Image8-v21.png-- -- --146
8/29/2018 3:30:51 PM | * WEFiles/EG/EGf8c88e12/ResImg/Image7-v21.png-- -- --215
8/29/2018 3:30:51 PM | * WEFiles/EG/EGf8c88e12/ResImg/Image6-v21.png-- -- --211
8/29/2018 3:30:51 PM | * WEFiles/EG/EGf8c88e12/ResImg/Image5-v21.png-- -- --213
8/29/2018 3:30:51 PM | * WEFiles/EG/EGf8c88e12/ResImg/Image4-v21.png-- -- --211
8/29/2018 3:30:51 PM | * WEFiles/EG/EGf8c88e12/ResImg/Image3-v21.png-- -- --209
8/29/2018 3:30:51 PM | * WEFiles/EG/EGf8c88e12/ResImg/Image2-v21.png-- -- --211
8/29/2018 3:30:51 PM | * WEFiles/EG/EGf8c88e12/ResImg/Image1-v21.png-- -- --213
8/29/2018 3:30:51 PM | * WEFiles/EG/EGf8c88e12/ResImg/Image12-v21.png-- -- --130
8/29/2018 3:30:51 PM | * WEFiles/EG/EGf8c88e12/ResImg/Image13-v21.png-- -- --142
8/29/2018 3:30:51 PM | * WEFiles/EG/EGf8c88e12/ResImg/Image14-v21.png-- -- --126
8/29/2018 3:30:51 PM | * WEFiles/EG/EGf8c88e12/ResImg/Image15-v21.png-- -- --137
8/29/2018 3:30:51 PM | * WEFiles/EG/EGf8c88e12/ResImg/Loading-v21.gif-- -- --4461
8/29/2018 3:30:51 PM | * Files/Image/image05.jpg-- -- --50747
8/29/2018 3:30:51 PM | * Files/Image/image07.jpg-- -- --154081
8/29/2018 3:30:51 PM | * Files/Image/image08.jpg-- -- --178717
8/29/2018 3:30:51 PM | * WEFiles/EG/EGf8c88e12/Js/jquery.vegas.min-v81.js-- -- --9617
8/29/2018 3:30:51 PM | * WEFiles/EG/EGf8c88e12/Css/jquery.vegas-v89.css-- -- --13602
8/29/2018 3:30:51 PM | * WEFiles/EG/EGf8c88e12/Js/WEBackgroundSlider-v213.js-- -- --4398
8/29/2018 3:30:51 PM | * WEFiles/EG/EGf79d11e9/Js/parallax-safe-v33.js-- -- --7226
8/29/2018 3:30:51 PM | * WEFiles/EG/EGf79d11e9/Css/parallax-safe-v26.css-- -- --212
8/29/2018 3:30:51 PM | * WEFiles/EG/EGb09efbd1/Js/iframeprotect-v18.js-- -- --2375
8/29/2018 3:30:51 PM | * WEFiles/EG/EG9f25bfab/Js/OERespPanel-v104.js-- -- --8720
8/29/2018 3:30:51 PM | * WEFiles/EG/EG9f25bfab/Css/OERespPanel-v70.css-- -- --571
8/29/2018 3:30:51 PM | * WEFiles/Image/Skin/18c6f4b9.png-- -- --4502
8/29/2018 3:30:51 PM | * WEFiles/Image/Skin/c24b173c.png-- -- --5006
8/29/2018 3:30:51 PM | * Files/Image/VISUELS_DIVERS/IMG_001.jpg-- -- --119419
8/29/2018 3:30:51 PM | * Files/Image/VISUELS_DIVERS/IMG_002.jpg-- -- --73881
8/29/2018 3:30:51 PM | * Files/Image/VISUELS_DIVERS/IMG_003.jpg-- -- --47688
8/29/2018 3:30:51 PM | * WEFiles/EG/EGf9f84a8d/ResImg/Icons-v21.png-- -- --729
8/29/2018 3:30:51 PM | * WEFiles/EG/EGf9f84a8d/ResImg/Loader-v21.gif-- -- --2608
8/29/2018 3:30:51 PM | * Files/Image/GALERIE/FULL/IMG01.jpg-- -- --64840
8/29/2018 3:30:51 PM | * Files/Image/GALERIE/MINIATURES/IMG01.jpg-- -- --11375
8/29/2018 3:30:51 PM | * Files/Image/accueil/mag.png-- -- --2026
8/29/2018 3:30:51 PM | * WEFiles/EG/EGf9f84a8d/Js/swipebox-v224.js-- -- --3329
8/29/2018 3:30:51 PM | * WEFiles/EG/EGf9f84a8d/Js/jquery-swipebox-v54.js-- -- --24823
8/29/2018 3:30:51 PM | * WEFiles/EG/EGf9f84a8d/Css/swipebox-v267.css-- -- --8166
8/29/2018 3:30:51 PM | * Files/Image/GALERIE/FULL/IMG02.jpg-- -- --117732
8/29/2018 3:30:51 PM | * Files/Image/GALERIE/MINIATURES/IMG02.jpg-- -- --18464
8/29/2018 3:30:51 PM | * Files/Image/GALERIE/FULL/IMG03.jpg-- -- --80762
8/29/2018 3:30:51 PM | * Files/Image/GALERIE/MINIATURES/IMG03.jpg-- -- --11765
8/29/2018 3:30:51 PM | * Files/Image/GALERIE/FULL/IMG04.jpg-- -- --183625
8/29/2018 3:30:51 PM | * Files/Image/GALERIE/MINIATURES/IMG04.jpg-- -- --26637
8/29/2018 3:30:51 PM | * Files/Image/GALERIE/FULL/IMG05.jpg-- -- --106771
8/29/2018 3:30:51 PM | * Files/Image/GALERIE/MINIATURES/IMG05.jpg-- -- --11168
8/29/2018 3:30:51 PM | * Files/Image/GALERIE/FULL/IMG06.jpg-- -- --121090
8/29/2018 3:30:51 PM | * Files/Image/GALERIE/MINIATURES/IMG06.jpg-- -- --16826
8/29/2018 3:30:51 PM | * Files/Image/GALERIE/FULL/IMG07.jpg-- -- --183381
8/29/2018 3:30:51 PM | * Files/Image/GALERIE/MINIATURES/IMG07.jpg-- -- --24451
8/29/2018 3:30:51 PM | * Files/Image/GALERIE/FULL/IMG08.jpg-- -- --273456
8/29/2018 3:30:51 PM | * Files/Image/GALERIE/MINIATURES/IMG08.jpg-- -- --34395
8/29/2018 3:30:51 PM | * WEFiles/EG/EG15ce8951/Js/jquery-sticky-v53.js-- -- --9937
8/29/2018 3:30:51 PM | * WEFiles/EG/EG15ce8951/Js/sticky-v51.js-- -- --2098
8/29/2018 3:30:51 PM | * WEFiles/Image/WEImage/menu-noir60x60-WE51ea8d21d9.jpg-- -- --1537
8/29/2018 3:30:51 PM | * Files/Image/preloader.gif-- -- --4081
8/29/2018 3:30:51 PM | * Backup/index.dat-- -- --5009878
8/29/2018 3:30:51 PM | * index.htm-- -- --62623
8/29/2018 3:30:51 PM | * robots.txt-- -- --62
8/29/2018 3:30:51 PM | * sitemap.xml-- -- --826
8/29/2018 3:30:51 PM | * Files/Fonts/Fonts.css-- -- --1127
8/29/2018 3:30:51 PM | * Files/Fonts/Icons.eot-- -- --33068
8/29/2018 3:30:51 PM | * Files/Fonts/Icons.ttf-- -- --32912
8/29/2018 3:30:51 PM | * Files/Fonts/Icons.woff-- -- --18940
8/29/2018 3:30:51 PM | * Files/Fonts/Montserrat.eot-- -- --21222
8/29/2018 3:30:51 PM | * Files/Fonts/Montserrat.ttf-- -- --20932
8/29/2018 3:30:51 PM | * Files/Fonts/Montserrat.woff-- -- --10996
8/29/2018 3:30:51 PM | * Files/Fonts/TitilliumText25L.eot-- -- --73644
8/29/2018 3:30:51 PM | * Files/Fonts/TitilliumText25L.ttf-- -- --73428
8/29/2018 3:30:51 PM | * Files/Fonts/TitilliumText25L.woff-- -- --33372
8/29/2018 3:30:51 PM | * Templates/Base.css-- -- --1754
8/29/2018 3:30:51 PM | * Backup/Templates/Base.tdat-- -- --310931
8/29/2018 3:30:51 PM | * Templates/Base_Menu.css-- -- --5726
8/29/2018 3:30:51 PM | * Backup/Templates/Base_Menu.tdat-- -- --883733
8/29/2018 3:30:51 PM | * Templates/Base_Menu_Alt.css-- -- --5657
8/29/2018 3:30:51 PM | * Backup/Templates/Base_Menu_Alt.tdat-- -- --884421
8/29/2018 3:30:51 PM | * Templates/preloader.css-- -- --827
8/29/2018 3:30:51 PM | * Backup/Templates/preloader.tdat-- -- --175574
8/29/2018 3:30:51 PM | * Backup/Common/DataFileSyncFtp.xml-- -- --1750
8/29/2018 3:30:51 PM | * Backup/Common/FTPLog.txt-- -- --514
8/29/2018 3:30:51 PM | * Backup/Common/Garbage.cfg-- -- --348
8/29/2018 3:30:51 PM | * Backup/Common/Linkmap.cfg-- -- --383478
8/29/2018 3:30:51 PM | * Backup/Common/Lock.cfg-- -- --441
8/29/2018 3:30:51 PM | * Backup/Common/Palette.xml-- -- --327
8/29/2018 3:30:51 PM | * Backup/Common/SiteConfig.cfg-- -- --36663
8/29/2018 3:30:51 PM | * Backup/Common/User.cfg-- -- --590
8/29/2018 3:30:51 PM | * Backup/Common/Elements/WEAnchorScroll.dll-- -- --10240
8/29/2018 3:30:51 PM | * Backup/Common/Elements/WEElBackgroundSlider.dll-- -- --283648
8/29/2018 3:30:51 PM | * Backup/Common/Elements/WEFieldsDefaultText.dll-- -- --11776
8/29/2018 3:30:51 PM | * Backup/Common/Elements/WEIframeScrollProtect.dll-- -- --11776
8/29/2018 3:30:51 PM | * Backup/Common/Elements/WERespPanel01.dll-- -- --73728
8/29/2018 3:30:51 PM | * Backup/Common/Elements/WESafeParallax.dll-- -- --28672
8/29/2018 3:30:51 PM | * Backup/Common/Elements/WESkitterSlider1.dll-- -- --479232
8/29/2018 3:30:51 PM | * Backup/Common/Elements/WEStickyElements.dll-- -- --28672
8/29/2018 3:30:51 PM | * Backup/Common/Elements/WESwipeboxImage.dll-- -- --98304
8/29/2018 3:30:51 PM | * Backup/Templates/Controls/WECadre_cdae5836.OESkin-- -- --51373
8/29/2018 3:30:51 PM | * Backup/Templates/Controls/WEHrVertival_ac2be573.OESkin-- -- --28993
8/29/2018 3:30:51 PM | * Backup/Templates/Controls/WELink_a97d84f2.OESkin-- -- --32979
8/29/2018 3:30:51 PM | * Backup/Templates/Controls/WELink_f953043c.OESkin-- -- --28210
8/29/2018 3:30:51 PM | * Backup/openElement-1.ope-- -- --3611
8/29/2018 3:31:12 PM | 
8/29/2018 3:31:12 PM | 
--------------------------------Phase 1 Terminé--------------------------------
8/29/2018 3:31:12 PM | 

